<?xml version="1.0" encoding="UTF-8"?>
<!-- Generated by org.testng.reporters.JUnitReportReporter -->
<testsuite hostname="LAPTOP-3FBPSVHK" failures="0" tests="1" name="rahulshettyacademy.Tests.ErrorValidations" time="7.536" errors="0" timestamp="2024-03-27T08:32:45 IST" skipped="0">
  <testcase classname="rahulshettyacademy.Tests.ErrorValidations" name="submitOrder" time="7.536"/>
</testsuite> <!-- rahulshettyacademy.Tests.ErrorValidations -->
