<?xml version="1.0" encoding="UTF-8"?>
<!-- Generated by org.testng.reporters.JUnitReportReporter -->
<testsuite hostname="LAPTOP-3FBPSVHK" failures="0" tests="3" name="rahulshettyacademy.Tests.SubmitOrderTest" time="30.061" errors="0" timestamp="2024-03-28T08:45:47 IST" skipped="0">
  <testcase classname="rahulshettyacademy.Tests.SubmitOrderTest" name="submitOrder" time="10.654"/>
  <testcase classname="rahulshettyacademy.Tests.SubmitOrderTest" name="submitOrder" time="11.658"/>
  <testcase classname="rahulshettyacademy.Tests.SubmitOrderTest" name="OrderHistoryTest" time="7.749"/>
</testsuite> <!-- rahulshettyacademy.Tests.SubmitOrderTest -->
