<?xml version="1.0" encoding="UTF-8"?>
<!-- Generated by org.testng.reporters.JUnitReportReporter -->
<testsuite hostname="LAPTOP-3FBPSVHK" failures="0" tests="2" name="cucumber.TestNGTestRunner" time="25.647" errors="0" timestamp="2024-03-30T09:50:33 IST" skipped="0">
  <testcase classname="cucumber.TestNGTestRunner" name="runScenario" time="13.494"/>
  <testcase classname="cucumber.TestNGTestRunner" name="runScenario" time="12.153"/>
</testsuite> <!-- cucumber.TestNGTestRunner -->
